2025-12-06 20:28:32 [restartedMain] INFO  c.r.d.DocumentServiceApplication - Starting DocumentServiceApplication using Java 19.0.2 with PID 8376 (D:\Archivos equipo\Documents\GitHub\Rentify\documentService\target\classes started by Luis Muñoz Badilla in D:\Archivos equipo\Documents\GitHub\Rentify)
2025-12-06 20:28:32 [restartedMain] DEBUG c.r.d.DocumentServiceApplication - Running with Spring Boot v3.5.6, Spring v6.2.11
2025-12-06 20:28:32 [restartedMain] INFO  c.r.d.DocumentServiceApplication - The following 1 profile is active: "dev"
2025-12-06 20:28:32 [restartedMain] INFO  o.s.b.d.e.DevToolsPropertyDefaultsPostProcessor - Devtools property defaults active! Set 'spring.devtools.add-properties' to 'false' to disable
2025-12-06 20:28:32 [restartedMain] INFO  o.s.b.d.e.DevToolsPropertyDefaultsPostProcessor - For additional web related logging consider setting the 'logging.level.web' property to 'DEBUG'
2025-12-06 20:28:33 [restartedMain] INFO  o.s.d.r.c.RepositoryConfigurationDelegate - Bootstrapping Spring Data JPA repositories in DEFAULT mode.
2025-12-06 20:28:33 [restartedMain] INFO  o.s.d.r.c.RepositoryConfigurationDelegate - Finished Spring Data repository scanning in 180 ms. Found 3 JPA repository interfaces.
2025-12-06 20:28:34 [restartedMain] INFO  o.s.b.w.e.tomcat.TomcatWebServer - Tomcat initialized with port 8083 (http)
2025-12-06 20:28:34 [restartedMain] INFO  o.a.catalina.core.StandardService - Starting service [Tomcat]
2025-12-06 20:28:34 [restartedMain] INFO  o.a.catalina.core.StandardEngine - Starting Servlet engine: [Apache Tomcat/10.1.46]
2025-12-06 20:28:34 [restartedMain] INFO  o.a.c.c.C.[Tomcat].[localhost].[/] - Initializing Spring embedded WebApplicationContext
2025-12-06 20:28:34 [restartedMain] INFO  o.s.b.w.s.c.ServletWebServerApplicationContext - Root WebApplicationContext: initialization completed in 2584 ms
2025-12-06 20:28:35 [restartedMain] DEBUG o.s.w.f.ServerHttpObservationFilter - Filter 'webMvcObservationFilter' configured for use
2025-12-06 20:28:35 [restartedMain] DEBUG o.s.web.filter.CorsFilter - Filter 'corsFilter' configured for use
2025-12-06 20:28:35 [restartedMain] INFO  com.zaxxer.hikari.HikariDataSource - HikariPool-1 - Starting...
2025-12-06 20:28:36 [restartedMain] INFO  o.h.jpa.internal.util.LogHelper - HHH000204: Processing PersistenceUnitInfo [name: default]
2025-12-06 20:28:36 [restartedMain] INFO  org.hibernate.Version - HHH000412: Hibernate ORM core version 6.6.29.Final
2025-12-06 20:28:36 [restartedMain] INFO  o.h.c.i.RegionFactoryInitiator - HHH000026: Second-level cache disabled
2025-12-06 20:28:36 [restartedMain] INFO  o.s.o.j.p.SpringPersistenceUnitInfo - No LoadTimeWeaver setup: ignoring JPA class transformer
2025-12-06 20:28:36 [restartedMain] INFO  com.zaxxer.hikari.HikariDataSource - HikariPool-1 - Starting...
2025-12-06 20:28:37 [restartedMain] WARN  o.h.e.jdbc.spi.SqlExceptionHelper - SQL Error: 0, SQLState: 08S01
2025-12-06 20:28:37 [restartedMain] ERROR o.h.e.jdbc.spi.SqlExceptionHelper - Communications link failure

The last packet sent successfully to the server was 0 milliseconds ago. The driver has not received any packets from the server.
2025-12-06 20:28:37 [restartedMain] WARN  o.h.e.j.e.i.JdbcEnvironmentInitiator - HHH000342: Could not obtain connection to query metadata
org.hibernate.exception.JDBCConnectionException: unable to obtain isolated JDBC connection [Communications link failure

The last packet sent successfully to the server was 0 milliseconds ago. The driver has not received any packets from the server.] [n/a]
	at org.hibernate.exception.internal.SQLStateConversionDelegate.convert(SQLStateConversionDelegate.java:100)
	at org.hibernate.exception.internal.StandardSQLExceptionConverter.convert(StandardSQLExceptionConverter.java:58)
	at org.hibernate.engine.jdbc.spi.SqlExceptionHelper.convert(SqlExceptionHelper.java:108)
	at org.hibernate.engine.jdbc.spi.SqlExceptionHelper.convert(SqlExceptionHelper.java:94)
	at org.hibernate.resource.transaction.backend.jdbc.internal.JdbcIsolationDelegate.delegateWork(JdbcIsolationDelegate.java:116)
	at org.hibernate.engine.jdbc.env.internal.JdbcEnvironmentInitiator.getJdbcEnvironmentUsingJdbcMetadata(JdbcEnvironmentInitiator.java:334)
	at org.hibernate.engine.jdbc.env.internal.JdbcEnvironmentInitiator.initiateService(JdbcEnvironmentInitiator.java:129)
	at org.hibernate.engine.jdbc.env.internal.JdbcEnvironmentInitiator.initiateService(JdbcEnvironmentInitiator.java:81)
	at org.hibernate.boot.registry.internal.StandardServiceRegistryImpl.initiateService(StandardServiceRegistryImpl.java:130)
	at org.hibernate.service.internal.AbstractServiceRegistryImpl.createService(AbstractServiceRegistryImpl.java:263)
	at org.hibernate.service.internal.AbstractServiceRegistryImpl.initializeService(AbstractServiceRegistryImpl.java:238)
	at org.hibernate.service.internal.AbstractServiceRegistryImpl.getService(AbstractServiceRegistryImpl.java:215)
	at org.hibernate.boot.model.relational.Database.<init>(Database.java:45)
	at org.hibernate.boot.internal.InFlightMetadataCollectorImpl.getDatabase(InFlightMetadataCollectorImpl.java:226)
	at org.hibernate.boot.internal.InFlightMetadataCollectorImpl.<init>(InFlightMetadataCollectorImpl.java:194)
	at org.hibernate.boot.model.process.spi.MetadataBuildingProcess.complete(MetadataBuildingProcess.java:171)
	at org.hibernate.jpa.boot.internal.EntityManagerFactoryBuilderImpl.metadata(EntityManagerFactoryBuilderImpl.java:1442)
	at org.hibernate.jpa.boot.internal.EntityManagerFactoryBuilderImpl.build(EntityManagerFactoryBuilderImpl.java:1513)
	at org.springframework.orm.jpa.vendor.SpringHibernateJpaPersistenceProvider.createContainerEntityManagerFactory(SpringHibernateJpaPersistenceProvider.java:66)
	at org.springframework.orm.jpa.LocalContainerEntityManagerFactoryBean.createNativeEntityManagerFactory(LocalContainerEntityManagerFactoryBean.java:390)
	at org.springframework.orm.jpa.AbstractEntityManagerFactoryBean.buildNativeEntityManagerFactory(AbstractEntityManagerFactoryBean.java:419)
	at org.springframework.orm.jpa.AbstractEntityManagerFactoryBean.afterPropertiesSet(AbstractEntityManagerFactoryBean.java:400)
	at org.springframework.orm.jpa.LocalContainerEntityManagerFactoryBean.afterPropertiesSet(LocalContainerEntityManagerFactoryBean.java:366)
	at org.springframework.beans.factory.support.AbstractAutowireCapableBeanFactory.invokeInitMethods(AbstractAutowireCapableBeanFactory.java:1873)
	at org.springframework.beans.factory.support.AbstractAutowireCapableBeanFactory.initializeBean(AbstractAutowireCapableBeanFactory.java:1822)
	at org.springframework.beans.factory.support.AbstractAutowireCapableBeanFactory.doCreateBean(AbstractAutowireCapableBeanFactory.java:607)
	at org.springframework.beans.factory.support.AbstractAutowireCapableBeanFactory.createBean(AbstractAutowireCapableBeanFactory.java:529)
	at org.springframework.beans.factory.support.AbstractBeanFactory.lambda$doGetBean$0(AbstractBeanFactory.java:339)
	at org.springframework.beans.factory.support.DefaultSingletonBeanRegistry.getSingleton(DefaultSingletonBeanRegistry.java:373)
	at org.springframework.beans.factory.support.AbstractBeanFactory.doGetBean(AbstractBeanFactory.java:337)
	at org.springframework.beans.factory.support.AbstractBeanFactory.getBean(AbstractBeanFactory.java:207)
	at org.springframework.context.support.AbstractApplicationContext.finishBeanFactoryInitialization(AbstractApplicationContext.java:970)
	at org.springframework.context.support.AbstractApplicationContext.refresh(AbstractApplicationContext.java:627)
	at org.springframework.boot.web.servlet.context.ServletWebServerApplicationContext.refresh(ServletWebServerApplicationContext.java:146)
	at org.springframework.boot.SpringApplication.refresh(SpringApplication.java:752)
	at org.springframework.boot.SpringApplication.refreshContext(SpringApplication.java:439)
	at org.springframework.boot.SpringApplication.run(SpringApplication.java:318)
	at org.springframework.boot.SpringApplication.run(SpringApplication.java:1361)
	at org.springframework.boot.SpringApplication.run(SpringApplication.java:1350)
	at com.rentify.documentService.DocumentServiceApplication.main(DocumentServiceApplication.java:10)
	at java.base/jdk.internal.reflect.DirectMethodHandleAccessor.invoke(DirectMethodHandleAccessor.java:104)
	at java.base/java.lang.reflect.Method.invoke(Method.java:578)
	at org.springframework.boot.devtools.restart.RestartLauncher.run(RestartLauncher.java:50)
Caused by: com.mysql.cj.jdbc.exceptions.CommunicationsException: Communications link failure

The last packet sent successfully to the server was 0 milliseconds ago. The driver has not received any packets from the server.
	at com.mysql.cj.jdbc.exceptions.SQLError.createCommunicationsException(SQLError.java:165)
	at com.mysql.cj.jdbc.exceptions.SQLExceptionsMapping.translateException(SQLExceptionsMapping.java:55)
	at com.mysql.cj.jdbc.ConnectionImpl.createNewIO(ConnectionImpl.java:839)
	at com.mysql.cj.jdbc.ConnectionImpl.<init>(ConnectionImpl.java:415)
	at com.mysql.cj.jdbc.ConnectionImpl.getInstance(ConnectionImpl.java:237)
	at com.mysql.cj.jdbc.NonRegisteringDriver.connect(NonRegisteringDriver.java:180)
	at com.zaxxer.hikari.util.DriverDataSource.getConnection(DriverDataSource.java:144)
	at com.zaxxer.hikari.pool.PoolBase.newConnection(PoolBase.java:370)
	at com.zaxxer.hikari.pool.PoolBase.newPoolEntry(PoolBase.java:207)
	at com.zaxxer.hikari.pool.HikariPool.createPoolEntry(HikariPool.java:488)
	at com.zaxxer.hikari.pool.HikariPool.checkFailFast(HikariPool.java:576)
	at com.zaxxer.hikari.pool.HikariPool.<init>(HikariPool.java:97)
	at com.zaxxer.hikari.HikariDataSource.getConnection(HikariDataSource.java:111)
	at org.hibernate.engine.jdbc.connections.internal.DatasourceConnectionProviderImpl.getConnection(DatasourceConnectionProviderImpl.java:126)
	at org.hibernate.engine.jdbc.env.internal.JdbcEnvironmentInitiator$ConnectionProviderJdbcConnectionAccess.obtainConnection(JdbcEnvironmentInitiator.java:485)
	at org.hibernate.resource.transaction.backend.jdbc.internal.JdbcIsolationDelegate.delegateWork(JdbcIsolationDelegate.java:61)
	... 38 common frames omitted
Caused by: com.mysql.cj.exceptions.CJCommunicationsException: Communications link failure

The last packet sent successfully to the server was 0 milliseconds ago. The driver has not received any packets from the server.
	at java.base/jdk.internal.reflect.DirectConstructorHandleAccessor.newInstance(DirectConstructorHandleAccessor.java:67)
	at java.base/java.lang.reflect.Constructor.newInstanceWithCaller(Constructor.java:500)
	at java.base/java.lang.reflect.Constructor.newInstance(Constructor.java:484)
	at com.mysql.cj.exceptions.ExceptionFactory.createException(ExceptionFactory.java:52)
	at com.mysql.cj.exceptions.ExceptionFactory.createException(ExceptionFactory.java:95)
	at com.mysql.cj.exceptions.ExceptionFactory.createException(ExceptionFactory.java:140)
	at com.mysql.cj.exceptions.ExceptionFactory.createCommunicationsException(ExceptionFactory.java:156)
	at com.mysql.cj.protocol.a.NativeSocketConnection.connect(NativeSocketConnection.java:79)
	at com.mysql.cj.NativeSession.connect(NativeSession.java:142)
	at com.mysql.cj.jdbc.ConnectionImpl.connectOneTryOnly(ConnectionImpl.java:963)
	at com.mysql.cj.jdbc.ConnectionImpl.createNewIO(ConnectionImpl.java:827)
	... 51 common frames omitted
Caused by: java.net.ConnectException: Connection refused: no further information
	at java.base/sun.nio.ch.Net.pollConnect(Native Method)
	at java.base/sun.nio.ch.Net.pollConnectNow(Net.java:672)
	at java.base/sun.nio.ch.NioSocketImpl.timedFinishConnect(NioSocketImpl.java:535)
	at java.base/sun.nio.ch.NioSocketImpl.connect(NioSocketImpl.java:585)
	at java.base/java.net.SocksSocketImpl.connect(SocksSocketImpl.java:327)
	at java.base/java.net.Socket.connect(Socket.java:666)
	at com.mysql.cj.protocol.StandardSocketFactory.connect(StandardSocketFactory.java:144)
	at com.mysql.cj.protocol.a.NativeSocketConnection.connect(NativeSocketConnection.java:53)
	... 54 common frames omitted
2025-12-06 20:28:37 [restartedMain] WARN  org.hibernate.orm.deprecation - HHH90000025: MySQL8Dialect does not need to be specified explicitly using 'hibernate.dialect' (remove the property setting and it will be selected by default)
2025-12-06 20:28:37 [restartedMain] WARN  org.hibernate.orm.deprecation - HHH90000026: MySQL8Dialect has been deprecated; use org.hibernate.dialect.MySQLDialect instead
2025-12-06 20:28:37 [restartedMain] INFO  o.hibernate.orm.connections.pooling - HHH10001005: Database info:
	Database JDBC URL [Connecting through datasource 'HikariDataSource (null)']
	Database driver: undefined/unknown
	Database version: 8.0
	Autocommit mode: undefined/unknown
	Isolation level: undefined/unknown
	Minimum pool size: undefined/unknown
	Maximum pool size: undefined/unknown
2025-12-06 20:28:38 [restartedMain] INFO  o.h.e.t.j.p.i.JtaPlatformInitiator - HHH000489: No JTA platform available (set 'hibernate.transaction.jta.platform' to enable JTA platform integration)
2025-12-06 20:28:38 [restartedMain] INFO  com.zaxxer.hikari.HikariDataSource - HikariPool-1 - Starting...
2025-12-06 20:28:39 [restartedMain] WARN  o.h.e.jdbc.spi.SqlExceptionHelper - SQL Error: 0, SQLState: 08S01
2025-12-06 20:28:39 [restartedMain] ERROR o.h.e.jdbc.spi.SqlExceptionHelper - Communications link failure

The last packet sent successfully to the server was 0 milliseconds ago. The driver has not received any packets from the server.
2025-12-06 20:28:39 [restartedMain] ERROR o.s.o.j.LocalContainerEntityManagerFactoryBean - Failed to initialize JPA EntityManagerFactory: [PersistenceUnit: default] Unable to build Hibernate SessionFactory; nested exception is org.hibernate.exception.JDBCConnectionException: Unable to open JDBC Connection for DDL execution [Communications link failure

The last packet sent successfully to the server was 0 milliseconds ago. The driver has not received any packets from the server.] [n/a]
2025-12-06 20:28:39 [restartedMain] WARN  o.s.b.w.s.c.AnnotationConfigServletWebServerApplicationContext - Exception encountered during context initialization - cancelling refresh attempt: org.springframework.beans.factory.BeanCreationException: Error creating bean with name 'entityManagerFactory' defined in class path resource [org/springframework/boot/autoconfigure/orm/jpa/HibernateJpaConfiguration.class]: [PersistenceUnit: default] Unable to build Hibernate SessionFactory; nested exception is org.hibernate.exception.JDBCConnectionException: Unable to open JDBC Connection for DDL execution [Communications link failure

The last packet sent successfully to the server was 0 milliseconds ago. The driver has not received any packets from the server.] [n/a]
2025-12-06 20:28:39 [restartedMain] INFO  o.a.catalina.core.StandardService - Stopping service [Tomcat]
2025-12-06 20:28:39 [restartedMain] INFO  o.s.b.a.l.ConditionEvaluationReportLogger - 

Error starting ApplicationContext. To display the condition evaluation report re-run your application with 'debug' enabled.
2025-12-06 20:28:39 [restartedMain] ERROR o.s.boot.SpringApplication - Application run failed
org.springframework.beans.factory.BeanCreationException: Error creating bean with name 'entityManagerFactory' defined in class path resource [org/springframework/boot/autoconfigure/orm/jpa/HibernateJpaConfiguration.class]: [PersistenceUnit: default] Unable to build Hibernate SessionFactory; nested exception is org.hibernate.exception.JDBCConnectionException: Unable to open JDBC Connection for DDL execution [Communications link failure

The last packet sent successfully to the server was 0 milliseconds ago. The driver has not received any packets from the server.] [n/a]
	at org.springframework.beans.factory.support.AbstractAutowireCapableBeanFactory.initializeBean(AbstractAutowireCapableBeanFactory.java:1826)
	at org.springframework.beans.factory.support.AbstractAutowireCapableBeanFactory.doCreateBean(AbstractAutowireCapableBeanFactory.java:607)
	at org.springframework.beans.factory.support.AbstractAutowireCapableBeanFactory.createBean(AbstractAutowireCapableBeanFactory.java:529)
	at org.springframework.beans.factory.support.AbstractBeanFactory.lambda$doGetBean$0(AbstractBeanFactory.java:339)
	at org.springframework.beans.factory.support.DefaultSingletonBeanRegistry.getSingleton(DefaultSingletonBeanRegistry.java:373)
	at org.springframework.beans.factory.support.AbstractBeanFactory.doGetBean(AbstractBeanFactory.java:337)
	at org.springframework.beans.factory.support.AbstractBeanFactory.getBean(AbstractBeanFactory.java:207)
	at org.springframework.context.support.AbstractApplicationContext.finishBeanFactoryInitialization(AbstractApplicationContext.java:970)
	at org.springframework.context.support.AbstractApplicationContext.refresh(AbstractApplicationContext.java:627)
	at org.springframework.boot.web.servlet.context.ServletWebServerApplicationContext.refresh(ServletWebServerApplicationContext.java:146)
	at org.springframework.boot.SpringApplication.refresh(SpringApplication.java:752)
	at org.springframework.boot.SpringApplication.refreshContext(SpringApplication.java:439)
	at org.springframework.boot.SpringApplication.run(SpringApplication.java:318)
	at org.springframework.boot.SpringApplication.run(SpringApplication.java:1361)
	at org.springframework.boot.SpringApplication.run(SpringApplication.java:1350)
	at com.rentify.documentService.DocumentServiceApplication.main(DocumentServiceApplication.java:10)
	at java.base/jdk.internal.reflect.DirectMethodHandleAccessor.invoke(DirectMethodHandleAccessor.java:104)
	at java.base/java.lang.reflect.Method.invoke(Method.java:578)
	at org.springframework.boot.devtools.restart.RestartLauncher.run(RestartLauncher.java:50)
Caused by: jakarta.persistence.PersistenceException: [PersistenceUnit: default] Unable to build Hibernate SessionFactory; nested exception is org.hibernate.exception.JDBCConnectionException: Unable to open JDBC Connection for DDL execution [Communications link failure

The last packet sent successfully to the server was 0 milliseconds ago. The driver has not received any packets from the server.] [n/a]
	at org.springframework.orm.jpa.AbstractEntityManagerFactoryBean.buildNativeEntityManagerFactory(AbstractEntityManagerFactoryBean.java:431)
	at org.springframework.orm.jpa.AbstractEntityManagerFactoryBean.afterPropertiesSet(AbstractEntityManagerFactoryBean.java:400)
	at org.springframework.orm.jpa.LocalContainerEntityManagerFactoryBean.afterPropertiesSet(LocalContainerEntityManagerFactoryBean.java:366)
	at org.springframework.beans.factory.support.AbstractAutowireCapableBeanFactory.invokeInitMethods(AbstractAutowireCapableBeanFactory.java:1873)
	at org.springframework.beans.factory.support.AbstractAutowireCapableBeanFactory.initializeBean(AbstractAutowireCapableBeanFactory.java:1822)
	... 18 common frames omitted
Caused by: org.hibernate.exception.JDBCConnectionException: Unable to open JDBC Connection for DDL execution [Communications link failure

The last packet sent successfully to the server was 0 milliseconds ago. The driver has not received any packets from the server.] [n/a]
	at org.hibernate.exception.internal.SQLStateConversionDelegate.convert(SQLStateConversionDelegate.java:100)
	at org.hibernate.exception.internal.StandardSQLExceptionConverter.convert(StandardSQLExceptionConverter.java:58)
	at org.hibernate.engine.jdbc.spi.SqlExceptionHelper.convert(SqlExceptionHelper.java:108)
	at org.hibernate.engine.jdbc.spi.SqlExceptionHelper.convert(SqlExceptionHelper.java:94)
	at org.hibernate.resource.transaction.backend.jdbc.internal.DdlTransactionIsolatorNonJtaImpl.getIsolatedConnection(DdlTransactionIsolatorNonJtaImpl.java:74)
	at org.hibernate.resource.transaction.backend.jdbc.internal.DdlTransactionIsolatorNonJtaImpl.getIsolatedConnection(DdlTransactionIsolatorNonJtaImpl.java:39)
	at org.hibernate.tool.schema.internal.exec.ImprovedExtractionContextImpl.getJdbcConnection(ImprovedExtractionContextImpl.java:63)
	at org.hibernate.tool.schema.internal.exec.ImprovedExtractionContextImpl.getJdbcDatabaseMetaData(ImprovedExtractionContextImpl.java:70)
	at org.hibernate.tool.schema.extract.internal.InformationExtractorJdbcDatabaseMetaDataImpl.processTableResultSet(InformationExtractorJdbcDatabaseMetaDataImpl.java:65)
	at org.hibernate.tool.schema.extract.internal.AbstractInformationExtractorImpl.getTables(AbstractInformationExtractorImpl.java:570)
	at org.hibernate.tool.schema.extract.internal.DatabaseInformationImpl.getTablesInformation(DatabaseInformationImpl.java:122)
	at org.hibernate.tool.schema.internal.GroupedSchemaMigratorImpl.performTablesMigration(GroupedSchemaMigratorImpl.java:72)
	at org.hibernate.tool.schema.internal.AbstractSchemaMigrator.performMigration(AbstractSchemaMigrator.java:233)
	at org.hibernate.tool.schema.internal.AbstractSchemaMigrator.doMigration(AbstractSchemaMigrator.java:112)
	at org.hibernate.tool.schema.spi.SchemaManagementToolCoordinator.performDatabaseAction(SchemaManagementToolCoordinator.java:280)
	at org.hibernate.tool.schema.spi.SchemaManagementToolCoordinator.lambda$process$5(SchemaManagementToolCoordinator.java:144)
	at java.base/java.util.HashMap.forEach(HashMap.java:1429)
	at org.hibernate.tool.schema.spi.SchemaManagementToolCoordinator.process(SchemaManagementToolCoordinator.java:141)
	at org.hibernate.boot.internal.SessionFactoryObserverForSchemaExport.sessionFactoryCreated(SessionFactoryObserverForSchemaExport.java:37)
	at org.hibernate.internal.SessionFactoryObserverChain.sessionFactoryCreated(SessionFactoryObserverChain.java:35)
	at org.hibernate.internal.SessionFactoryImpl.<init>(SessionFactoryImpl.java:324)
	at org.hibernate.boot.internal.SessionFactoryBuilderImpl.build(SessionFactoryBuilderImpl.java:463)
	at org.hibernate.jpa.boot.internal.EntityManagerFactoryBuilderImpl.build(EntityManagerFactoryBuilderImpl.java:1517)
	at org.springframework.orm.jpa.vendor.SpringHibernateJpaPersistenceProvider.createContainerEntityManagerFactory(SpringHibernateJpaPersistenceProvider.java:66)
	at org.springframework.orm.jpa.LocalContainerEntityManagerFactoryBean.createNativeEntityManagerFactory(LocalContainerEntityManagerFactoryBean.java:390)
	at org.springframework.orm.jpa.AbstractEntityManagerFactoryBean.buildNativeEntityManagerFactory(AbstractEntityManagerFactoryBean.java:419)
	... 22 common frames omitted
Caused by: com.mysql.cj.jdbc.exceptions.CommunicationsException: Communications link failure

The last packet sent successfully to the server was 0 milliseconds ago. The driver has not received any packets from the server.
	at com.mysql.cj.jdbc.exceptions.SQLError.createCommunicationsException(SQLError.java:165)
	at com.mysql.cj.jdbc.exceptions.SQLExceptionsMapping.translateException(SQLExceptionsMapping.java:55)
	at com.mysql.cj.jdbc.ConnectionImpl.createNewIO(ConnectionImpl.java:839)
	at com.mysql.cj.jdbc.ConnectionImpl.<init>(ConnectionImpl.java:415)
	at com.mysql.cj.jdbc.ConnectionImpl.getInstance(ConnectionImpl.java:237)
	at com.mysql.cj.jdbc.NonRegisteringDriver.connect(NonRegisteringDriver.java:180)
	at com.zaxxer.hikari.util.DriverDataSource.getConnection(DriverDataSource.java:144)
	at com.zaxxer.hikari.pool.PoolBase.newConnection(PoolBase.java:370)
	at com.zaxxer.hikari.pool.PoolBase.newPoolEntry(PoolBase.java:207)
	at com.zaxxer.hikari.pool.HikariPool.createPoolEntry(HikariPool.java:488)
	at com.zaxxer.hikari.pool.HikariPool.checkFailFast(HikariPool.java:576)
	at com.zaxxer.hikari.pool.HikariPool.<init>(HikariPool.java:97)
	at com.zaxxer.hikari.HikariDataSource.getConnection(HikariDataSource.java:111)
	at org.hibernate.engine.jdbc.connections.internal.DatasourceConnectionProviderImpl.getConnection(DatasourceConnectionProviderImpl.java:126)
	at org.hibernate.engine.jdbc.env.internal.JdbcEnvironmentInitiator$ConnectionProviderJdbcConnectionAccess.obtainConnection(JdbcEnvironmentInitiator.java:485)
	at org.hibernate.resource.transaction.backend.jdbc.internal.DdlTransactionIsolatorNonJtaImpl.getIsolatedConnection(DdlTransactionIsolatorNonJtaImpl.java:46)
	... 43 common frames omitted
Caused by: com.mysql.cj.exceptions.CJCommunicationsException: Communications link failure

The last packet sent successfully to the server was 0 milliseconds ago. The driver has not received any packets from the server.
	at java.base/jdk.internal.reflect.DirectConstructorHandleAccessor.newInstance(DirectConstructorHandleAccessor.java:67)
	at java.base/java.lang.reflect.Constructor.newInstanceWithCaller(Constructor.java:500)
	at java.base/java.lang.reflect.Constructor.newInstance(Constructor.java:484)
	at com.mysql.cj.exceptions.ExceptionFactory.createException(ExceptionFactory.java:52)
	at com.mysql.cj.exceptions.ExceptionFactory.createException(ExceptionFactory.java:95)
	at com.mysql.cj.exceptions.ExceptionFactory.createException(ExceptionFactory.java:140)
	at com.mysql.cj.exceptions.ExceptionFactory.createCommunicationsException(ExceptionFactory.java:156)
	at com.mysql.cj.protocol.a.NativeSocketConnection.connect(NativeSocketConnection.java:79)
	at com.mysql.cj.NativeSession.connect(NativeSession.java:142)
	at com.mysql.cj.jdbc.ConnectionImpl.connectOneTryOnly(ConnectionImpl.java:963)
	at com.mysql.cj.jdbc.ConnectionImpl.createNewIO(ConnectionImpl.java:827)
	... 56 common frames omitted
Caused by: java.net.ConnectException: Connection refused: no further information
	at java.base/sun.nio.ch.Net.pollConnect(Native Method)
	at java.base/sun.nio.ch.Net.pollConnectNow(Net.java:672)
	at java.base/sun.nio.ch.NioSocketImpl.timedFinishConnect(NioSocketImpl.java:535)
	at java.base/sun.nio.ch.NioSocketImpl.connect(NioSocketImpl.java:585)
	at java.base/java.net.SocksSocketImpl.connect(SocksSocketImpl.java:327)
	at java.base/java.net.Socket.connect(Socket.java:666)
	at com.mysql.cj.protocol.StandardSocketFactory.connect(StandardSocketFactory.java:144)
	at com.mysql.cj.protocol.a.NativeSocketConnection.connect(NativeSocketConnection.java:53)
	... 59 common frames omitted
2025-12-06 20:29:58 [restartedMain] INFO  c.r.d.DocumentServiceApplication - Starting DocumentServiceApplication using Java 19.0.2 with PID 22232 (D:\Archivos equipo\Documents\GitHub\Rentify\documentService\target\classes started by Luis Muñoz Badilla in D:\Archivos equipo\Documents\GitHub\Rentify)
2025-12-06 20:29:58 [restartedMain] DEBUG c.r.d.DocumentServiceApplication - Running with Spring Boot v3.5.6, Spring v6.2.11
2025-12-06 20:29:58 [restartedMain] INFO  c.r.d.DocumentServiceApplication - The following 1 profile is active: "dev"
2025-12-06 20:29:58 [restartedMain] INFO  o.s.b.d.e.DevToolsPropertyDefaultsPostProcessor - Devtools property defaults active! Set 'spring.devtools.add-properties' to 'false' to disable
2025-12-06 20:29:58 [restartedMain] INFO  o.s.b.d.e.DevToolsPropertyDefaultsPostProcessor - For additional web related logging consider setting the 'logging.level.web' property to 'DEBUG'
2025-12-06 20:30:00 [restartedMain] INFO  o.s.d.r.c.RepositoryConfigurationDelegate - Bootstrapping Spring Data JPA repositories in DEFAULT mode.
2025-12-06 20:30:00 [restartedMain] INFO  o.s.d.r.c.RepositoryConfigurationDelegate - Finished Spring Data repository scanning in 129 ms. Found 3 JPA repository interfaces.
2025-12-06 20:30:00 [restartedMain] INFO  o.s.b.w.e.tomcat.TomcatWebServer - Tomcat initialized with port 8083 (http)
2025-12-06 20:30:00 [restartedMain] INFO  o.a.catalina.core.StandardService - Starting service [Tomcat]
2025-12-06 20:30:00 [restartedMain] INFO  o.a.catalina.core.StandardEngine - Starting Servlet engine: [Apache Tomcat/10.1.46]
2025-12-06 20:30:00 [restartedMain] INFO  o.a.c.c.C.[Tomcat].[localhost].[/] - Initializing Spring embedded WebApplicationContext
2025-12-06 20:30:00 [restartedMain] INFO  o.s.b.w.s.c.ServletWebServerApplicationContext - Root WebApplicationContext: initialization completed in 1901 ms
2025-12-06 20:30:00 [restartedMain] DEBUG o.s.w.f.ServerHttpObservationFilter - Filter 'webMvcObservationFilter' configured for use
2025-12-06 20:30:00 [restartedMain] DEBUG o.s.web.filter.CorsFilter - Filter 'corsFilter' configured for use
2025-12-06 20:30:00 [restartedMain] INFO  com.zaxxer.hikari.HikariDataSource - HikariPool-1 - Starting...
2025-12-06 20:30:01 [restartedMain] INFO  com.zaxxer.hikari.pool.HikariPool - HikariPool-1 - Added connection com.mysql.cj.jdbc.ConnectionImpl@9ba3bb7
2025-12-06 20:30:01 [restartedMain] INFO  com.zaxxer.hikari.HikariDataSource - HikariPool-1 - Start completed.
2025-12-06 20:30:01 [restartedMain] INFO  o.h.jpa.internal.util.LogHelper - HHH000204: Processing PersistenceUnitInfo [name: default]
2025-12-06 20:30:01 [restartedMain] INFO  org.hibernate.Version - HHH000412: Hibernate ORM core version 6.6.29.Final
2025-12-06 20:30:01 [restartedMain] INFO  o.h.c.i.RegionFactoryInitiator - HHH000026: Second-level cache disabled
2025-12-06 20:30:01 [restartedMain] INFO  o.s.o.j.p.SpringPersistenceUnitInfo - No LoadTimeWeaver setup: ignoring JPA class transformer
2025-12-06 20:30:01 [restartedMain] WARN  org.hibernate.orm.deprecation - HHH90000025: MySQL8Dialect does not need to be specified explicitly using 'hibernate.dialect' (remove the property setting and it will be selected by default)
2025-12-06 20:30:01 [restartedMain] WARN  org.hibernate.orm.deprecation - HHH90000026: MySQL8Dialect has been deprecated; use org.hibernate.dialect.MySQLDialect instead
2025-12-06 20:30:01 [restartedMain] INFO  o.hibernate.orm.connections.pooling - HHH10001005: Database info:
	Database JDBC URL [Connecting through datasource 'HikariDataSource (HikariPool-1)']
	Database driver: undefined/unknown
	Database version: 8.0
	Autocommit mode: undefined/unknown
	Isolation level: undefined/unknown
	Minimum pool size: undefined/unknown
	Maximum pool size: undefined/unknown
2025-12-06 20:30:02 [restartedMain] INFO  o.h.e.t.j.p.i.JtaPlatformInitiator - HHH000489: No JTA platform available (set 'hibernate.transaction.jta.platform' to enable JTA platform integration)
2025-12-06 20:30:02 [restartedMain] INFO  o.s.o.j.LocalContainerEntityManagerFactoryBean - Initialized JPA EntityManagerFactory for persistence unit 'default'
2025-12-06 20:30:02 [restartedMain] INFO  o.s.d.j.r.query.QueryEnhancerFactory - Hibernate is in classpath; If applicable, HQL parser will be used.
2025-12-06 20:30:03 [restartedMain] WARN  o.s.b.a.o.j.JpaBaseConfiguration$JpaWebConfiguration - spring.jpa.open-in-view is enabled by default. Therefore, database queries may be performed during view rendering. Explicitly configure spring.jpa.open-in-view to disable this warning
2025-12-06 20:30:03 [restartedMain] DEBUG o.s.w.s.m.m.a.RequestMappingHandlerMapping - 24 mappings in 'requestMappingHandlerMapping'
2025-12-06 20:30:03 [restartedMain] DEBUG o.s.w.s.h.SimpleUrlHandlerMapping - Patterns [/webjars/**, /**, /swagger-ui*/*swagger-initializer.js, /swagger-ui*/**] in 'resourceHandlerMapping'
2025-12-06 20:30:03 [restartedMain] DEBUG o.s.w.s.m.m.a.RequestMappingHandlerAdapter - ControllerAdvice beans: 0 @ModelAttribute, 0 @InitBinder, 1 RequestBodyAdvice, 1 ResponseBodyAdvice
2025-12-06 20:30:03 [restartedMain] DEBUG o.s.w.s.m.m.a.ExceptionHandlerExceptionResolver - ControllerAdvice beans: 2 @ExceptionHandler, 1 ResponseBodyAdvice
2025-12-06 20:30:03 [restartedMain] WARN  o.s.b.d.a.OptionalLiveReloadServer - Unable to start LiveReload server
2025-12-06 20:30:03 [restartedMain] INFO  o.s.b.a.e.web.EndpointLinksResolver - Exposing 3 endpoints beneath base path '/actuator'
2025-12-06 20:30:03 [restartedMain] INFO  o.s.b.w.e.tomcat.TomcatWebServer - Tomcat started on port 8083 (http) with context path '/'
2025-12-06 20:30:03 [restartedMain] INFO  c.r.d.DocumentServiceApplication - Started DocumentServiceApplication in 5.436 seconds (process running for 6.255)
2025-12-06 20:30:03 [restartedMain] INFO  c.r.d.config.DataInitializerConfig - 🔄 Verificando estados de documentos...
2025-12-06 20:30:03 [restartedMain] DEBUG org.hibernate.SQL - 
    select
        count(*) 
    from
        estado e1_0
2025-12-06 20:30:03 [restartedMain] DEBUG org.hibernate.SQL - 
    select
        count(*) 
    from
        estado e1_0
2025-12-06 20:30:03 [restartedMain] INFO  c.r.d.config.DataInitializerConfig - ✅ Estados ya existen (4 registros)
2025-12-06 20:30:03 [restartedMain] INFO  c.r.d.config.DataInitializerConfig - 🔄 Verificando tipos de documentos...
2025-12-06 20:30:03 [restartedMain] DEBUG org.hibernate.SQL - 
    select
        count(*) 
    from
        tipo_doc td1_0
2025-12-06 20:30:03 [restartedMain] DEBUG org.hibernate.SQL - 
    select
        count(*) 
    from
        tipo_doc td1_0
2025-12-06 20:30:03 [restartedMain] INFO  c.r.d.config.DataInitializerConfig - ✅ Tipos de documento ya existen (6 registros)
2025-12-06 20:30:03 [restartedMain] INFO  c.r.d.config.DataInitializerConfig - ════════════════════════════════════════════════════════
2025-12-06 20:30:03 [restartedMain] INFO  c.r.d.config.DataInitializerConfig - 🎉 INICIALIZACIÓN COMPLETADA - DOCUMENT SERVICE
2025-12-06 20:30:03 [restartedMain] INFO  c.r.d.config.DataInitializerConfig - ════════════════════════════════════════════════════════
2025-12-06 20:30:03 [restartedMain] INFO  c.r.d.config.DataInitializerConfig - 📊 Resumen:
2025-12-06 20:30:03 [restartedMain] DEBUG org.hibernate.SQL - 
    select
        count(*) 
    from
        estado e1_0
2025-12-06 20:30:03 [restartedMain] INFO  c.r.d.config.DataInitializerConfig -    - Estados: 4 registros
2025-12-06 20:30:03 [restartedMain] DEBUG org.hibernate.SQL - 
    select
        count(*) 
    from
        tipo_doc td1_0
2025-12-06 20:30:03 [restartedMain] INFO  c.r.d.config.DataInitializerConfig -    - Tipos de Documento: 6 registros
2025-12-06 20:30:03 [restartedMain] INFO  c.r.d.config.DataInitializerConfig - ════════════════════════════════════════════════════════
2025-12-06 20:30:03 [restartedMain] INFO  c.r.d.config.DataInitializerConfig - 🚀 Document Service listo para recibir peticiones
2025-12-06 20:30:03 [restartedMain] INFO  c.r.d.config.DataInitializerConfig - 🔗 Puerto: 8083
2025-12-06 20:30:03 [restartedMain] INFO  c.r.d.config.DataInitializerConfig - 📖 Swagger UI: http://localhost:8083/swagger-ui/index.html
2025-12-06 20:30:03 [restartedMain] INFO  c.r.d.config.DataInitializerConfig - ════════════════════════════════════════════════════════
2025-12-06 20:30:04 [RMI TCP Connection(4)-192.168.100.7] INFO  o.a.c.c.C.[Tomcat].[localhost].[/] - Initializing Spring DispatcherServlet 'dispatcherServlet'
2025-12-06 20:30:04 [RMI TCP Connection(4)-192.168.100.7] INFO  o.s.web.servlet.DispatcherServlet - Initializing Servlet 'dispatcherServlet'
2025-12-06 20:30:04 [RMI TCP Connection(4)-192.168.100.7] DEBUG o.s.web.servlet.DispatcherServlet - Detected StandardServletMultipartResolver
2025-12-06 20:30:04 [RMI TCP Connection(4)-192.168.100.7] DEBUG o.s.web.servlet.DispatcherServlet - Detected AcceptHeaderLocaleResolver
2025-12-06 20:30:04 [RMI TCP Connection(4)-192.168.100.7] DEBUG o.s.web.servlet.DispatcherServlet - Detected FixedThemeResolver
2025-12-06 20:30:04 [RMI TCP Connection(4)-192.168.100.7] DEBUG o.s.web.servlet.DispatcherServlet - Detected org.springframework.web.servlet.view.DefaultRequestToViewNameTranslator@a4d83bb
2025-12-06 20:30:04 [RMI TCP Connection(4)-192.168.100.7] DEBUG o.s.web.servlet.DispatcherServlet - Detected org.springframework.web.servlet.support.SessionFlashMapManager@75aeb14b
2025-12-06 20:30:04 [RMI TCP Connection(4)-192.168.100.7] DEBUG o.s.web.servlet.DispatcherServlet - enableLoggingRequestDetails='false': request parameters and headers will be masked to prevent unsafe logging of potentially sensitive data
2025-12-06 20:30:04 [RMI TCP Connection(4)-192.168.100.7] INFO  o.s.web.servlet.DispatcherServlet - Completed initialization in 3 ms
2025-12-06 20:37:20 [http-nio-8083-exec-1] DEBUG o.s.web.servlet.DispatcherServlet - GET "/api/documentos/usuario/13/verificar-aprobados", parameters={}
2025-12-06 20:37:20 [http-nio-8083-exec-1] DEBUG o.s.w.s.m.m.a.RequestMappingHandlerMapping - Mapped to com.rentify.documentService.controller.DocumentoController#verificarDocumentosAprobados(Long)
2025-12-06 20:37:20 [http-nio-8083-exec-1] DEBUG c.r.d.service.DocumentoService - Verificando documentos aprobados para usuario: 13
2025-12-06 20:37:20 [http-nio-8083-exec-1] DEBUG org.hibernate.SQL - 
    select
        e1_0.id,
        e1_0.nombre 
    from
        estado e1_0 
    where
        e1_0.nombre=?
2025-12-06 20:37:20 [http-nio-8083-exec-1] DEBUG org.hibernate.SQL - 
    select
        count(d1_0.id) 
    from
        documentos d1_0 
    where
        d1_0.usuarios_id=? 
        and d1_0.estado_id=?
2025-12-06 20:37:20 [http-nio-8083-exec-1] DEBUG o.s.w.s.m.m.a.HttpEntityMethodProcessor - Using 'application/json', given [*/*] and supported [application/json, application/*+json, application/yaml]
2025-12-06 20:37:20 [http-nio-8083-exec-1] DEBUG o.s.w.s.m.m.a.HttpEntityMethodProcessor - Writing [false]
2025-12-06 20:37:20 [http-nio-8083-exec-1] DEBUG o.s.web.servlet.DispatcherServlet - Completed 200 OK
2025-12-06 21:36:40 [http-nio-8083-exec-3] DEBUG o.s.web.servlet.DispatcherServlet - GET "/api/documentos?includeDetails=true", parameters={masked}
2025-12-06 21:36:40 [http-nio-8083-exec-3] DEBUG o.s.w.s.m.m.a.RequestMappingHandlerMapping - Mapped to com.rentify.documentService.controller.DocumentoController#listarTodos(boolean)
2025-12-06 21:36:40 [http-nio-8083-exec-3] DEBUG c.r.d.service.DocumentoService - Listando todos los documentos (includeDetails: true)
2025-12-06 21:36:40 [http-nio-8083-exec-3] DEBUG org.hibernate.SQL - 
    select
        d1_0.id,
        d1_0.estado_id,
        d1_0.f_subido,
        d1_0.nombre,
        d1_0.tipo_doc_id,
        d1_0.usuarios_id 
    from
        documentos d1_0
2025-12-06 21:36:41 [http-nio-8083-exec-3] DEBUG org.hibernate.SQL - 
    select
        e1_0.id,
        e1_0.nombre 
    from
        estado e1_0 
    where
        e1_0.id=?
2025-12-06 21:36:41 [http-nio-8083-exec-3] DEBUG org.hibernate.SQL - 
    select
        td1_0.id,
        td1_0.nombre 
    from
        tipo_doc td1_0 
    where
        td1_0.id=?
2025-12-06 21:36:41 [http-nio-8083-exec-3] DEBUG c.r.d.client.UserServiceClient - Consultando usuario con ID: 1 en URL: http://localhost:8081
2025-12-06 21:36:41 [http-nio-8083-exec-3] DEBUG o.s.w.r.f.client.ExchangeFunctions - [64bfa539] HTTP GET http://localhost:8081/api/usuarios/1
2025-12-06 21:36:42 [reactor-http-nio-2] DEBUG o.s.w.r.f.client.ExchangeFunctions - [64bfa539] [0c3d243b-1] Response 200 OK
2025-12-06 21:36:42 [reactor-http-nio-2] DEBUG org.springframework.web.HttpLogging - [64bfa539] [0c3d243b-1] Decoded [com.rentify.documentService.dto.external.UsuarioDTO@7aeebb99]
2025-12-06 21:36:42 [http-nio-8083-exec-3] DEBUG c.r.d.client.UserServiceClient - Usuario 1 encontrado: David Olave
2025-12-06 21:36:42 [http-nio-8083-exec-3] DEBUG org.hibernate.SQL - 
    select
        td1_0.id,
        td1_0.nombre 
    from
        tipo_doc td1_0 
    where
        td1_0.id=?
2025-12-06 21:36:42 [http-nio-8083-exec-3] DEBUG c.r.d.client.UserServiceClient - Consultando usuario con ID: 1 en URL: http://localhost:8081
2025-12-06 21:36:42 [http-nio-8083-exec-3] DEBUG o.s.w.r.f.client.ExchangeFunctions - [125ba14c] HTTP GET http://localhost:8081/api/usuarios/1
2025-12-06 21:36:42 [reactor-http-nio-2] DEBUG o.s.w.r.f.client.ExchangeFunctions - [125ba14c] [0c3d243b-2] Response 200 OK
2025-12-06 21:36:42 [reactor-http-nio-2] DEBUG org.springframework.web.HttpLogging - [125ba14c] [0c3d243b-2] Decoded [com.rentify.documentService.dto.external.UsuarioDTO@3bbea07a]
2025-12-06 21:36:42 [http-nio-8083-exec-3] DEBUG c.r.d.client.UserServiceClient - Usuario 1 encontrado: David Olave
2025-12-06 21:36:42 [http-nio-8083-exec-3] DEBUG org.hibernate.SQL - 
    select
        td1_0.id,
        td1_0.nombre 
    from
        tipo_doc td1_0 
    where
        td1_0.id=?
2025-12-06 21:36:42 [http-nio-8083-exec-3] DEBUG c.r.d.client.UserServiceClient - Consultando usuario con ID: 1 en URL: http://localhost:8081
2025-12-06 21:36:42 [http-nio-8083-exec-3] DEBUG o.s.w.r.f.client.ExchangeFunctions - [4a1e6167] HTTP GET http://localhost:8081/api/usuarios/1
2025-12-06 21:36:42 [reactor-http-nio-2] DEBUG o.s.w.r.f.client.ExchangeFunctions - [4a1e6167] [0c3d243b-3] Response 200 OK
2025-12-06 21:36:42 [reactor-http-nio-2] DEBUG org.springframework.web.HttpLogging - [4a1e6167] [0c3d243b-3] Decoded [com.rentify.documentService.dto.external.UsuarioDTO@7d13ef91]
2025-12-06 21:36:42 [http-nio-8083-exec-3] DEBUG c.r.d.client.UserServiceClient - Usuario 1 encontrado: David Olave
2025-12-06 21:36:42 [http-nio-8083-exec-3] DEBUG c.r.d.client.UserServiceClient - Consultando usuario con ID: 2 en URL: http://localhost:8081
2025-12-06 21:36:42 [http-nio-8083-exec-3] DEBUG o.s.w.r.f.client.ExchangeFunctions - [3625e0fa] HTTP GET http://localhost:8081/api/usuarios/2
2025-12-06 21:36:42 [reactor-http-nio-2] DEBUG o.s.w.r.f.client.ExchangeFunctions - [3625e0fa] [0c3d243b-4] Response 200 OK
2025-12-06 21:36:42 [reactor-http-nio-2] DEBUG org.springframework.web.HttpLogging - [3625e0fa] [0c3d243b-4] Decoded [com.rentify.documentService.dto.external.UsuarioDTO@3e86a0d2]
2025-12-06 21:36:42 [http-nio-8083-exec-3] DEBUG c.r.d.client.UserServiceClient - Usuario 2 encontrado: Fernanda Gonzalez
2025-12-06 21:36:42 [http-nio-8083-exec-3] DEBUG org.hibernate.SQL - 
    select
        td1_0.id,
        td1_0.nombre 
    from
        tipo_doc td1_0 
    where
        td1_0.id=?
2025-12-06 21:36:42 [http-nio-8083-exec-3] DEBUG c.r.d.client.UserServiceClient - Consultando usuario con ID: 2 en URL: http://localhost:8081
2025-12-06 21:36:42 [http-nio-8083-exec-3] DEBUG o.s.w.r.f.client.ExchangeFunctions - [58df4d52] HTTP GET http://localhost:8081/api/usuarios/2
2025-12-06 21:36:42 [reactor-http-nio-2] DEBUG o.s.w.r.f.client.ExchangeFunctions - [58df4d52] [0c3d243b-5] Response 200 OK
2025-12-06 21:36:42 [reactor-http-nio-2] DEBUG org.springframework.web.HttpLogging - [58df4d52] [0c3d243b-5] Decoded [com.rentify.documentService.dto.external.UsuarioDTO@3374bd31]
2025-12-06 21:36:42 [http-nio-8083-exec-3] DEBUG c.r.d.client.UserServiceClient - Usuario 2 encontrado: Fernanda Gonzalez
2025-12-06 21:36:42 [http-nio-8083-exec-3] DEBUG c.r.d.client.UserServiceClient - Consultando usuario con ID: 3 en URL: http://localhost:8081
2025-12-06 21:36:42 [http-nio-8083-exec-3] DEBUG o.s.w.r.f.client.ExchangeFunctions - [2cd50070] HTTP GET http://localhost:8081/api/usuarios/3
2025-12-06 21:36:42 [reactor-http-nio-2] DEBUG o.s.w.r.f.client.ExchangeFunctions - [2cd50070] [0c3d243b-6] Response 200 OK
2025-12-06 21:36:42 [reactor-http-nio-2] DEBUG org.springframework.web.HttpLogging - [2cd50070] [0c3d243b-6] Decoded [com.rentify.documentService.dto.external.UsuarioDTO@48096507]
2025-12-06 21:36:42 [http-nio-8083-exec-3] DEBUG c.r.d.client.UserServiceClient - Usuario 3 encontrado: Juans Pérez
2025-12-06 21:36:42 [http-nio-8083-exec-3] DEBUG c.r.d.client.UserServiceClient - Consultando usuario con ID: 3 en URL: http://localhost:8081
2025-12-06 21:36:42 [http-nio-8083-exec-3] DEBUG o.s.w.r.f.client.ExchangeFunctions - [274ca462] HTTP GET http://localhost:8081/api/usuarios/3
2025-12-06 21:36:42 [reactor-http-nio-2] DEBUG o.s.w.r.f.client.ExchangeFunctions - [274ca462] [0c3d243b-7] Response 200 OK
2025-12-06 21:36:42 [reactor-http-nio-2] DEBUG org.springframework.web.HttpLogging - [274ca462] [0c3d243b-7] Decoded [com.rentify.documentService.dto.external.UsuarioDTO@60b463e0]
2025-12-06 21:36:42 [http-nio-8083-exec-3] DEBUG c.r.d.client.UserServiceClient - Usuario 3 encontrado: Juans Pérez
2025-12-06 21:36:42 [http-nio-8083-exec-3] DEBUG org.hibernate.SQL - 
    select
        e1_0.id,
        e1_0.nombre 
    from
        estado e1_0 
    where
        e1_0.id=?
2025-12-06 21:36:42 [http-nio-8083-exec-3] DEBUG org.hibernate.SQL - 
    select
        td1_0.id,
        td1_0.nombre 
    from
        tipo_doc td1_0 
    where
        td1_0.id=?
2025-12-06 21:36:42 [http-nio-8083-exec-3] DEBUG c.r.d.client.UserServiceClient - Consultando usuario con ID: 3 en URL: http://localhost:8081
2025-12-06 21:36:42 [http-nio-8083-exec-3] DEBUG o.s.w.r.f.client.ExchangeFunctions - [48949e8b] HTTP GET http://localhost:8081/api/usuarios/3
2025-12-06 21:36:42 [reactor-http-nio-2] DEBUG o.s.w.r.f.client.ExchangeFunctions - [48949e8b] [0c3d243b-8] Response 200 OK
2025-12-06 21:36:42 [reactor-http-nio-2] DEBUG org.springframework.web.HttpLogging - [48949e8b] [0c3d243b-8] Decoded [com.rentify.documentService.dto.external.UsuarioDTO@7e476e1a]
2025-12-06 21:36:42 [http-nio-8083-exec-3] DEBUG c.r.d.client.UserServiceClient - Usuario 3 encontrado: Juans Pérez
2025-12-06 21:36:42 [http-nio-8083-exec-3] DEBUG org.hibernate.SQL - 
    select
        e1_0.id,
        e1_0.nombre 
    from
        estado e1_0 
    where
        e1_0.id=?
2025-12-06 21:36:42 [http-nio-8083-exec-3] DEBUG c.r.d.client.UserServiceClient - Consultando usuario con ID: 3 en URL: http://localhost:8081
2025-12-06 21:36:42 [http-nio-8083-exec-3] DEBUG o.s.w.r.f.client.ExchangeFunctions - [330b62b5] HTTP GET http://localhost:8081/api/usuarios/3
2025-12-06 21:36:42 [reactor-http-nio-2] DEBUG o.s.w.r.f.client.ExchangeFunctions - [330b62b5] [0c3d243b-9] Response 200 OK
2025-12-06 21:36:42 [reactor-http-nio-2] DEBUG org.springframework.web.HttpLogging - [330b62b5] [0c3d243b-9] Decoded [com.rentify.documentService.dto.external.UsuarioDTO@363b9bcf]
2025-12-06 21:36:42 [http-nio-8083-exec-3] DEBUG c.r.d.client.UserServiceClient - Usuario 3 encontrado: Juans Pérez
2025-12-06 21:36:42 [http-nio-8083-exec-3] DEBUG c.r.d.client.UserServiceClient - Consultando usuario con ID: 4 en URL: http://localhost:8081
2025-12-06 21:36:42 [http-nio-8083-exec-3] DEBUG o.s.w.r.f.client.ExchangeFunctions - [574a9a96] HTTP GET http://localhost:8081/api/usuarios/4
2025-12-06 21:36:42 [reactor-http-nio-2] DEBUG o.s.w.r.f.client.ExchangeFunctions - [574a9a96] [0c3d243b-10] Response 200 OK
2025-12-06 21:36:42 [reactor-http-nio-2] DEBUG org.springframework.web.HttpLogging - [574a9a96] [0c3d243b-10] Decoded [com.rentify.documentService.dto.external.UsuarioDTO@3599f152]
2025-12-06 21:36:42 [http-nio-8083-exec-3] DEBUG c.r.d.client.UserServiceClient - Usuario 4 encontrado: María López
2025-12-06 21:36:42 [http-nio-8083-exec-3] DEBUG c.r.d.client.UserServiceClient - Consultando usuario con ID: 4 en URL: http://localhost:8081
2025-12-06 21:36:42 [http-nio-8083-exec-3] DEBUG o.s.w.r.f.client.ExchangeFunctions - [21f87660] HTTP GET http://localhost:8081/api/usuarios/4
2025-12-06 21:36:42 [reactor-http-nio-2] DEBUG o.s.w.r.f.client.ExchangeFunctions - [21f87660] [0c3d243b-11] Response 200 OK
2025-12-06 21:36:42 [reactor-http-nio-2] DEBUG org.springframework.web.HttpLogging - [21f87660] [0c3d243b-11] Decoded [com.rentify.documentService.dto.external.UsuarioDTO@76f13f62]
2025-12-06 21:36:42 [http-nio-8083-exec-3] DEBUG c.r.d.client.UserServiceClient - Usuario 4 encontrado: María López
2025-12-06 21:36:42 [http-nio-8083-exec-3] DEBUG c.r.d.client.UserServiceClient - Consultando usuario con ID: 4 en URL: http://localhost:8081
2025-12-06 21:36:42 [http-nio-8083-exec-3] DEBUG o.s.w.r.f.client.ExchangeFunctions - [2831e4c8] HTTP GET http://localhost:8081/api/usuarios/4
2025-12-06 21:36:42 [reactor-http-nio-2] DEBUG o.s.w.r.f.client.ExchangeFunctions - [2831e4c8] [0c3d243b-12] Response 200 OK
2025-12-06 21:36:42 [reactor-http-nio-2] DEBUG org.springframework.web.HttpLogging - [2831e4c8] [0c3d243b-12] Decoded [com.rentify.documentService.dto.external.UsuarioDTO@3303a818]
2025-12-06 21:36:42 [http-nio-8083-exec-3] DEBUG c.r.d.client.UserServiceClient - Usuario 4 encontrado: María López
2025-12-06 21:36:42 [http-nio-8083-exec-3] DEBUG c.r.d.client.UserServiceClient - Consultando usuario con ID: 5 en URL: http://localhost:8081
2025-12-06 21:36:42 [http-nio-8083-exec-3] DEBUG o.s.w.r.f.client.ExchangeFunctions - [136aa9b3] HTTP GET http://localhost:8081/api/usuarios/5
2025-12-06 21:36:42 [reactor-http-nio-2] DEBUG o.s.w.r.f.client.ExchangeFunctions - [136aa9b3] [0c3d243b-13] Response 200 OK
2025-12-06 21:36:42 [reactor-http-nio-2] DEBUG org.springframework.web.HttpLogging - [136aa9b3] [0c3d243b-13] Decoded [com.rentify.documentService.dto.external.UsuarioDTO@598ca854]
2025-12-06 21:36:42 [http-nio-8083-exec-3] DEBUG c.r.d.client.UserServiceClient - Usuario 5 encontrado: Pedro Ramírez
2025-12-06 21:36:42 [http-nio-8083-exec-3] DEBUG c.r.d.client.UserServiceClient - Consultando usuario con ID: 5 en URL: http://localhost:8081
2025-12-06 21:36:42 [http-nio-8083-exec-3] DEBUG o.s.w.r.f.client.ExchangeFunctions - [1d73fb9c] HTTP GET http://localhost:8081/api/usuarios/5
2025-12-06 21:36:42 [reactor-http-nio-2] DEBUG o.s.w.r.f.client.ExchangeFunctions - [1d73fb9c] [0c3d243b-14] Response 200 OK
2025-12-06 21:36:42 [reactor-http-nio-2] DEBUG org.springframework.web.HttpLogging - [1d73fb9c] [0c3d243b-14] Decoded [com.rentify.documentService.dto.external.UsuarioDTO@2365d156]
2025-12-06 21:36:42 [http-nio-8083-exec-3] DEBUG c.r.d.client.UserServiceClient - Usuario 5 encontrado: Pedro Ramírez
2025-12-06 21:36:42 [http-nio-8083-exec-3] DEBUG c.r.d.client.UserServiceClient - Consultando usuario con ID: 4 en URL: http://localhost:8081
2025-12-06 21:36:42 [http-nio-8083-exec-3] DEBUG o.s.w.r.f.client.ExchangeFunctions - [7dc38d4c] HTTP GET http://localhost:8081/api/usuarios/4
2025-12-06 21:36:42 [reactor-http-nio-2] DEBUG o.s.w.r.f.client.ExchangeFunctions - [7dc38d4c] [0c3d243b-15] Response 200 OK
2025-12-06 21:36:42 [reactor-http-nio-2] DEBUG org.springframework.web.HttpLogging - [7dc38d4c] [0c3d243b-15] Decoded [com.rentify.documentService.dto.external.UsuarioDTO@5c10e077]
2025-12-06 21:36:42 [http-nio-8083-exec-3] DEBUG c.r.d.client.UserServiceClient - Usuario 4 encontrado: María López
2025-12-06 21:36:42 [http-nio-8083-exec-3] DEBUG org.hibernate.SQL - 
    select
        td1_0.id,
        td1_0.nombre 
    from
        tipo_doc td1_0 
    where
        td1_0.id=?
2025-12-06 21:36:42 [http-nio-8083-exec-3] DEBUG c.r.d.client.UserServiceClient - Consultando usuario con ID: 4 en URL: http://localhost:8081
2025-12-06 21:36:42 [http-nio-8083-exec-3] DEBUG o.s.w.r.f.client.ExchangeFunctions - [12e5ecfe] HTTP GET http://localhost:8081/api/usuarios/4
2025-12-06 21:36:42 [reactor-http-nio-2] DEBUG o.s.w.r.f.client.ExchangeFunctions - [12e5ecfe] [0c3d243b-16] Response 200 OK
2025-12-06 21:36:42 [reactor-http-nio-2] DEBUG org.springframework.web.HttpLogging - [12e5ecfe] [0c3d243b-16] Decoded [com.rentify.documentService.dto.external.UsuarioDTO@727dd085]
2025-12-06 21:36:42 [http-nio-8083-exec-3] DEBUG c.r.d.client.UserServiceClient - Usuario 4 encontrado: María López
2025-12-06 21:36:42 [http-nio-8083-exec-3] DEBUG c.r.d.client.UserServiceClient - Consultando usuario con ID: 4 en URL: http://localhost:8081
2025-12-06 21:36:42 [http-nio-8083-exec-3] DEBUG o.s.w.r.f.client.ExchangeFunctions - [74a34c3a] HTTP GET http://localhost:8081/api/usuarios/4
2025-12-06 21:36:42 [reactor-http-nio-2] DEBUG o.s.w.r.f.client.ExchangeFunctions - [74a34c3a] [0c3d243b-17] Response 200 OK
2025-12-06 21:36:42 [reactor-http-nio-2] DEBUG org.springframework.web.HttpLogging - [74a34c3a] [0c3d243b-17] Decoded [com.rentify.documentService.dto.external.UsuarioDTO@4e8f0896]
2025-12-06 21:36:42 [http-nio-8083-exec-3] DEBUG c.r.d.client.UserServiceClient - Usuario 4 encontrado: María López
2025-12-06 21:36:42 [http-nio-8083-exec-3] DEBUG c.r.d.client.UserServiceClient - Consultando usuario con ID: 4 en URL: http://localhost:8081
2025-12-06 21:36:42 [http-nio-8083-exec-3] DEBUG o.s.w.r.f.client.ExchangeFunctions - [22485ba1] HTTP GET http://localhost:8081/api/usuarios/4
2025-12-06 21:36:42 [reactor-http-nio-2] DEBUG o.s.w.r.f.client.ExchangeFunctions - [22485ba1] [0c3d243b-18] Response 200 OK
2025-12-06 21:36:42 [reactor-http-nio-2] DEBUG org.springframework.web.HttpLogging - [22485ba1] [0c3d243b-18] Decoded [com.rentify.documentService.dto.external.UsuarioDTO@43ed9f70]
2025-12-06 21:36:42 [http-nio-8083-exec-3] DEBUG c.r.d.client.UserServiceClient - Usuario 4 encontrado: María López
2025-12-06 21:36:42 [http-nio-8083-exec-3] DEBUG c.r.d.client.UserServiceClient - Consultando usuario con ID: 4 en URL: http://localhost:8081
2025-12-06 21:36:42 [http-nio-8083-exec-3] DEBUG o.s.w.r.f.client.ExchangeFunctions - [38c2a332] HTTP GET http://localhost:8081/api/usuarios/4
2025-12-06 21:36:42 [reactor-http-nio-2] DEBUG o.s.w.r.f.client.ExchangeFunctions - [38c2a332] [0c3d243b-19] Response 200 OK
2025-12-06 21:36:42 [reactor-http-nio-2] DEBUG org.springframework.web.HttpLogging - [38c2a332] [0c3d243b-19] Decoded [com.rentify.documentService.dto.external.UsuarioDTO@18a5dc22]
2025-12-06 21:36:42 [http-nio-8083-exec-3] DEBUG c.r.d.client.UserServiceClient - Usuario 4 encontrado: María López
2025-12-06 21:36:42 [http-nio-8083-exec-3] DEBUG c.r.d.client.UserServiceClient - Consultando usuario con ID: 4 en URL: http://localhost:8081
2025-12-06 21:36:42 [http-nio-8083-exec-3] DEBUG o.s.w.r.f.client.ExchangeFunctions - [39270855] HTTP GET http://localhost:8081/api/usuarios/4
2025-12-06 21:36:42 [reactor-http-nio-2] DEBUG o.s.w.r.f.client.ExchangeFunctions - [39270855] [0c3d243b-20] Response 200 OK
2025-12-06 21:36:42 [reactor-http-nio-2] DEBUG org.springframework.web.HttpLogging - [39270855] [0c3d243b-20] Decoded [com.rentify.documentService.dto.external.UsuarioDTO@440de4b]
2025-12-06 21:36:42 [http-nio-8083-exec-3] DEBUG c.r.d.client.UserServiceClient - Usuario 4 encontrado: María López
2025-12-06 21:36:42 [http-nio-8083-exec-3] DEBUG c.r.d.client.UserServiceClient - Consultando usuario con ID: 6 en URL: http://localhost:8081
2025-12-06 21:36:42 [http-nio-8083-exec-3] DEBUG o.s.w.r.f.client.ExchangeFunctions - [5a17bc98] HTTP GET http://localhost:8081/api/usuarios/6
2025-12-06 21:36:42 [reactor-http-nio-2] DEBUG o.s.w.r.f.client.ExchangeFunctions - [5a17bc98] [0c3d243b-21] Response 404 NOT_FOUND
2025-12-06 21:36:42 [reactor-http-nio-2] DEBUG org.springframework.web.HttpLogging - [5a17bc98] [0c3d243b-21] Read 143 bytes
2025-12-06 21:36:42 [reactor-http-nio-2] WARN  c.r.d.client.UserServiceClient - Usuario 6 no encontrado en User Service (404)
2025-12-06 21:36:42 [http-nio-8083-exec-3] WARN  c.r.d.client.UserServiceClient - Usuario 6 no encontrado o error al consultar
2025-12-06 21:36:42 [http-nio-8083-exec-3] DEBUG c.r.d.client.UserServiceClient - Consultando usuario con ID: 6 en URL: http://localhost:8081
2025-12-06 21:36:42 [http-nio-8083-exec-3] DEBUG o.s.w.r.f.client.ExchangeFunctions - [7b8f45d] HTTP GET http://localhost:8081/api/usuarios/6
2025-12-06 21:36:42 [reactor-http-nio-2] DEBUG o.s.w.r.f.client.ExchangeFunctions - [7b8f45d] [0c3d243b-22] Response 404 NOT_FOUND
2025-12-06 21:36:42 [reactor-http-nio-2] DEBUG org.springframework.web.HttpLogging - [7b8f45d] [0c3d243b-22] Read 143 bytes
2025-12-06 21:36:42 [reactor-http-nio-2] WARN  c.r.d.client.UserServiceClient - Usuario 6 no encontrado en User Service (404)
2025-12-06 21:36:42 [http-nio-8083-exec-3] WARN  c.r.d.client.UserServiceClient - Usuario 6 no encontrado o error al consultar
2025-12-06 21:36:42 [http-nio-8083-exec-3] DEBUG c.r.d.client.UserServiceClient - Consultando usuario con ID: 6 en URL: http://localhost:8081
2025-12-06 21:36:42 [http-nio-8083-exec-3] DEBUG o.s.w.r.f.client.ExchangeFunctions - [3c8885d6] HTTP GET http://localhost:8081/api/usuarios/6
2025-12-06 21:36:42 [reactor-http-nio-2] DEBUG o.s.w.r.f.client.ExchangeFunctions - [3c8885d6] [0c3d243b-23] Response 404 NOT_FOUND
2025-12-06 21:36:42 [reactor-http-nio-2] DEBUG org.springframework.web.HttpLogging - [3c8885d6] [0c3d243b-23] Read 143 bytes
2025-12-06 21:36:42 [reactor-http-nio-2] WARN  c.r.d.client.UserServiceClient - Usuario 6 no encontrado en User Service (404)
2025-12-06 21:36:42 [http-nio-8083-exec-3] WARN  c.r.d.client.UserServiceClient - Usuario 6 no encontrado o error al consultar
2025-12-06 21:36:42 [http-nio-8083-exec-3] DEBUG c.r.d.client.UserServiceClient - Consultando usuario con ID: 6 en URL: http://localhost:8081
2025-12-06 21:36:42 [http-nio-8083-exec-3] DEBUG o.s.w.r.f.client.ExchangeFunctions - [47fd66ee] HTTP GET http://localhost:8081/api/usuarios/6
2025-12-06 21:36:42 [reactor-http-nio-2] DEBUG o.s.w.r.f.client.ExchangeFunctions - [47fd66ee] [0c3d243b-24] Response 404 NOT_FOUND
2025-12-06 21:36:42 [reactor-http-nio-2] DEBUG org.springframework.web.HttpLogging - [47fd66ee] [0c3d243b-24] Read 143 bytes
2025-12-06 21:36:42 [reactor-http-nio-2] WARN  c.r.d.client.UserServiceClient - Usuario 6 no encontrado en User Service (404)
2025-12-06 21:36:42 [http-nio-8083-exec-3] WARN  c.r.d.client.UserServiceClient - Usuario 6 no encontrado o error al consultar
2025-12-06 21:36:42 [http-nio-8083-exec-3] DEBUG c.r.d.client.UserServiceClient - Consultando usuario con ID: 6 en URL: http://localhost:8081
2025-12-06 21:36:42 [http-nio-8083-exec-3] DEBUG o.s.w.r.f.client.ExchangeFunctions - [383cd77f] HTTP GET http://localhost:8081/api/usuarios/6
2025-12-06 21:36:42 [reactor-http-nio-2] DEBUG o.s.w.r.f.client.ExchangeFunctions - [383cd77f] [0c3d243b-25] Response 404 NOT_FOUND
2025-12-06 21:36:42 [reactor-http-nio-2] DEBUG org.springframework.web.HttpLogging - [383cd77f] [0c3d243b-25] Read 143 bytes
2025-12-06 21:36:42 [reactor-http-nio-2] WARN  c.r.d.client.UserServiceClient - Usuario 6 no encontrado en User Service (404)
2025-12-06 21:36:42 [http-nio-8083-exec-3] WARN  c.r.d.client.UserServiceClient - Usuario 6 no encontrado o error al consultar
2025-12-06 21:36:42 [http-nio-8083-exec-3] DEBUG c.r.d.client.UserServiceClient - Consultando usuario con ID: 6 en URL: http://localhost:8081
2025-12-06 21:36:42 [http-nio-8083-exec-3] DEBUG o.s.w.r.f.client.ExchangeFunctions - [3a50a1f3] HTTP GET http://localhost:8081/api/usuarios/6
2025-12-06 21:36:42 [reactor-http-nio-2] DEBUG o.s.w.r.f.client.ExchangeFunctions - [3a50a1f3] [0c3d243b-26] Response 404 NOT_FOUND
2025-12-06 21:36:42 [reactor-http-nio-2] DEBUG org.springframework.web.HttpLogging - [3a50a1f3] [0c3d243b-26] Read 143 bytes
2025-12-06 21:36:42 [reactor-http-nio-2] WARN  c.r.d.client.UserServiceClient - Usuario 6 no encontrado en User Service (404)
2025-12-06 21:36:42 [http-nio-8083-exec-3] WARN  c.r.d.client.UserServiceClient - Usuario 6 no encontrado o error al consultar
2025-12-06 21:36:42 [http-nio-8083-exec-3] DEBUG c.r.d.client.UserServiceClient - Consultando usuario con ID: 7 en URL: http://localhost:8081
2025-12-06 21:36:42 [http-nio-8083-exec-3] DEBUG o.s.w.r.f.client.ExchangeFunctions - [4a90b6f5] HTTP GET http://localhost:8081/api/usuarios/7
2025-12-06 21:36:42 [reactor-http-nio-2] DEBUG o.s.w.r.f.client.ExchangeFunctions - [4a90b6f5] [0c3d243b-27] Response 404 NOT_FOUND
2025-12-06 21:36:42 [reactor-http-nio-2] DEBUG org.springframework.web.HttpLogging - [4a90b6f5] [0c3d243b-27] Read 143 bytes
2025-12-06 21:36:42 [reactor-http-nio-2] WARN  c.r.d.client.UserServiceClient - Usuario 7 no encontrado en User Service (404)
2025-12-06 21:36:42 [http-nio-8083-exec-3] WARN  c.r.d.client.UserServiceClient - Usuario 7 no encontrado o error al consultar
2025-12-06 21:36:42 [http-nio-8083-exec-3] DEBUG c.r.d.client.UserServiceClient - Consultando usuario con ID: 7 en URL: http://localhost:8081
2025-12-06 21:36:42 [http-nio-8083-exec-3] DEBUG o.s.w.r.f.client.ExchangeFunctions - [392ab897] HTTP GET http://localhost:8081/api/usuarios/7
2025-12-06 21:36:42 [reactor-http-nio-2] DEBUG o.s.w.r.f.client.ExchangeFunctions - [392ab897] [0c3d243b-28] Response 404 NOT_FOUND
2025-12-06 21:36:42 [reactor-http-nio-2] DEBUG org.springframework.web.HttpLogging - [392ab897] [0c3d243b-28] Read 143 bytes
2025-12-06 21:36:42 [reactor-http-nio-2] WARN  c.r.d.client.UserServiceClient - Usuario 7 no encontrado en User Service (404)
2025-12-06 21:36:42 [http-nio-8083-exec-3] WARN  c.r.d.client.UserServiceClient - Usuario 7 no encontrado o error al consultar
2025-12-06 21:36:42 [http-nio-8083-exec-3] DEBUG c.r.d.client.UserServiceClient - Consultando usuario con ID: 7 en URL: http://localhost:8081
2025-12-06 21:36:42 [http-nio-8083-exec-3] DEBUG o.s.w.r.f.client.ExchangeFunctions - [1ba58954] HTTP GET http://localhost:8081/api/usuarios/7
2025-12-06 21:36:42 [reactor-http-nio-2] DEBUG o.s.w.r.f.client.ExchangeFunctions - [1ba58954] [0c3d243b-29] Response 404 NOT_FOUND
2025-12-06 21:36:42 [reactor-http-nio-2] DEBUG org.springframework.web.HttpLogging - [1ba58954] [0c3d243b-29] Read 143 bytes
2025-12-06 21:36:42 [reactor-http-nio-2] WARN  c.r.d.client.UserServiceClient - Usuario 7 no encontrado en User Service (404)
2025-12-06 21:36:42 [http-nio-8083-exec-3] WARN  c.r.d.client.UserServiceClient - Usuario 7 no encontrado o error al consultar
2025-12-06 21:36:42 [http-nio-8083-exec-3] DEBUG c.r.d.client.UserServiceClient - Consultando usuario con ID: 7 en URL: http://localhost:8081
2025-12-06 21:36:42 [http-nio-8083-exec-3] DEBUG o.s.w.r.f.client.ExchangeFunctions - [4a4afa15] HTTP GET http://localhost:8081/api/usuarios/7
2025-12-06 21:36:42 [reactor-http-nio-2] DEBUG o.s.w.r.f.client.ExchangeFunctions - [4a4afa15] [0c3d243b-30] Response 404 NOT_FOUND
2025-12-06 21:36:42 [reactor-http-nio-2] DEBUG org.springframework.web.HttpLogging - [4a4afa15] [0c3d243b-30] Read 143 bytes
2025-12-06 21:36:42 [reactor-http-nio-2] WARN  c.r.d.client.UserServiceClient - Usuario 7 no encontrado en User Service (404)
2025-12-06 21:36:42 [http-nio-8083-exec-3] WARN  c.r.d.client.UserServiceClient - Usuario 7 no encontrado o error al consultar
2025-12-06 21:36:42 [http-nio-8083-exec-3] DEBUG c.r.d.client.UserServiceClient - Consultando usuario con ID: 7 en URL: http://localhost:8081
2025-12-06 21:36:42 [http-nio-8083-exec-3] DEBUG o.s.w.r.f.client.ExchangeFunctions - [5f75fd57] HTTP GET http://localhost:8081/api/usuarios/7
2025-12-06 21:36:42 [reactor-http-nio-2] DEBUG o.s.w.r.f.client.ExchangeFunctions - [5f75fd57] [0c3d243b-31] Response 404 NOT_FOUND
2025-12-06 21:36:42 [reactor-http-nio-2] DEBUG org.springframework.web.HttpLogging - [5f75fd57] [0c3d243b-31] Read 143 bytes
2025-12-06 21:36:42 [reactor-http-nio-2] WARN  c.r.d.client.UserServiceClient - Usuario 7 no encontrado en User Service (404)
2025-12-06 21:36:42 [http-nio-8083-exec-3] WARN  c.r.d.client.UserServiceClient - Usuario 7 no encontrado o error al consultar
2025-12-06 21:36:42 [http-nio-8083-exec-3] DEBUG c.r.d.client.UserServiceClient - Consultando usuario con ID: 7 en URL: http://localhost:8081
2025-12-06 21:36:42 [http-nio-8083-exec-3] DEBUG o.s.w.r.f.client.ExchangeFunctions - [2866ad97] HTTP GET http://localhost:8081/api/usuarios/7
2025-12-06 21:36:42 [reactor-http-nio-2] DEBUG o.s.w.r.f.client.ExchangeFunctions - [2866ad97] [0c3d243b-32] Response 404 NOT_FOUND
2025-12-06 21:36:42 [reactor-http-nio-2] DEBUG org.springframework.web.HttpLogging - [2866ad97] [0c3d243b-32] Read 143 bytes
2025-12-06 21:36:42 [reactor-http-nio-2] WARN  c.r.d.client.UserServiceClient - Usuario 7 no encontrado en User Service (404)
2025-12-06 21:36:42 [http-nio-8083-exec-3] WARN  c.r.d.client.UserServiceClient - Usuario 7 no encontrado o error al consultar
2025-12-06 21:36:42 [http-nio-8083-exec-3] DEBUG o.s.w.s.m.m.a.HttpEntityMethodProcessor - Using 'application/json', given [*/*] and supported [application/json, application/*+json, application/yaml]
2025-12-06 21:36:42 [http-nio-8083-exec-3] DEBUG o.s.w.s.m.m.a.HttpEntityMethodProcessor - Writing [[com.rentify.documentService.dto.DocumentoDTO@299a457, com.rentify.documentService.dto.DocumentoDTO@ (truncated)...]
2025-12-06 21:36:42 [http-nio-8083-exec-3] DEBUG o.s.web.servlet.DispatcherServlet - Completed 200 OK
2025-12-06 21:37:14 [SpringApplicationShutdownHook] INFO  o.s.b.w.e.tomcat.GracefulShutdown - Commencing graceful shutdown. Waiting for active requests to complete
2025-12-06 21:37:14 [tomcat-shutdown] INFO  o.s.b.w.e.tomcat.GracefulShutdown - Graceful shutdown complete
2025-12-06 21:37:14 [SpringApplicationShutdownHook] INFO  o.s.o.j.LocalContainerEntityManagerFactoryBean - Closing JPA EntityManagerFactory for persistence unit 'default'
2025-12-06 21:37:14 [SpringApplicationShutdownHook] INFO  com.zaxxer.hikari.HikariDataSource - HikariPool-1 - Shutdown initiated...
2025-12-06 21:37:14 [SpringApplicationShutdownHook] INFO  com.zaxxer.hikari.HikariDataSource - HikariPool-1 - Shutdown completed.
